

> home_os@0.1.0 build /Users/dennisruske/dev/home_os/apps/web
> next build

 [33m[1m⚠[22m[39m Warning: Next.js inferred your workspace root, but it may not be correct.
 We detected multiple lockfiles and selected the directory of /Users/dennisruske/dev/pnpm-lock.yaml as the root directory.
 To silence this warning, set `turbopack.root` in your Next.js config, or consider removing one of the lockfiles if it's not needed.
   See https://nextjs.org/docs/app/api-reference/config/next-config-js/turbopack#root-directory for more information.
 Detected additional lockfiles: 
   * /Users/dennisruske/dev/home_os/pnpm-lock.yaml

   [1m[38;2;173;127;168m▲ Next.js 16.0.7[39m[22m (Turbopack)
   - Environments: .env
   - Experiments (use with caution):
     · clientTraceMetadata

 [37m[1m [22m[39m Creating an optimized production build ...
Turbopack build encountered 3 warnings:
./home_os/node_modules/.pnpm/@opentelemetry+instrumentation@0.208.0_@opentelemetry+api@1.9.0/node_modules/@opentelemetry/instrumentation/build/esm/platform/node
Package [32mimport-in-the-middle[39m can't be external
The request [32mimport-in-the-middle[39m matches [32mserverExternalPackages[39m (or the default list).
The request could not be resolved by Node.js from the project directory.
Packages that should be external need to be installed in the project directory, so they can be resolved from the output files.
Try to install it into the project directory by running [32mnpm install import-in-the-middle[39m from the project directory.


./home_os/node_modules/.pnpm/@sentry+node-core@10.32.1_@opentelemetry+api@1.9.0_@opentelemetry+context-async-hooks@2_3f27759e473978b8c6a71fc60e33c207/node_modules/@sentry/node-core/build/cjs/sdk
Package [32mimport-in-the-middle[39m can't be external
The request [32mimport-in-the-middle[39m matches [32mserverExternalPackages[39m (or the default list).
The request could not be resolved by Node.js from the project directory.
Packages that should be external need to be installed in the project directory, so they can be resolved from the output files.
Try to install it into the project directory by running [32mnpm install import-in-the-middle[39m from the project directory.


./home_os/node_modules/.pnpm/@opentelemetry+instrumentation@0.208.0_@opentelemetry+api@1.9.0/node_modules/@opentelemetry/instrumentation/build/esm/platform/node
Package [32mrequire-in-the-middle[39m can't be external
The request [32mrequire-in-the-middle[39m matches [32mserverExternalPackages[39m (or the default list).
The request could not be resolved by Node.js from the project directory.
Packages that should be external need to be installed in the project directory, so they can be resolved from the output files.
Try to install it into the project directory by running [32mnpm install require-in-the-middle[39m from the project directory.


 [32m[1m✓[22m[39m Compiled successfully in 2.5s
[?25l [37m[1m [22m[39m Running next.config.js provided runAfterProductionCompile  [36m.[39m[2K[1G[1A[2K[1G[1A[2K[1G [37m[1m [22m[39m Running next.config.js provided runAfterProductionCompile  [36m..[39m[2K[1G[1A[2K[1G[1A[2K[1G [37m[1m [22m[39m Running next.config.js provided runAfterProductionCompile  [36m...[39m[2K[1G[1A[2K[1G[1A[2K[1G [37m[1m [22m[39m Running next.config.js provided runAfterProductionCompile  [36m.[39m[2K[1G[1A[2K[1G[1A[2K[1G [37m[1m [22m[39m Running next.config.js provided runAfterProductionCompile  [36m..[39m[2K[1G[1A[2K[1G[1A[2K[1G [37m[1m [22m[39m Running next.config.js provided runAfterProductionCompile  [36m...[39m[2K[1G[1A[2K[1G[1A[2K[1G [37m[1m [22m[39m Running next.config.js provided runAfterProductionCompile  [36m.[39m[2K[1G[1A[2K[1G[1A[2K[1G [37m[1m [22m[39m Running next.config.js provided runAfterProductionCompile  [36m..[39m[2K[1G[1A[2K[1G[1A[2K[1G [37m[1m [22m[39m Running next.config.js provided runAfterProductionCompile  [36m...[39m[2K[1G[1A[2K[1G[1A[2K[1G [37m[1m [22m[39m Running next.config.js provided runAfterProductionCompile  [36m.[39m[2K[1G[1A[2K[1G[1A[2K[1G [37m[1m [22m[39m Running next.config.js provided runAfterProductionCompile  [36m..[39m[2K[1G[1A[2K[1G[1A[2K[1G [37m[1m [22m[39m Running next.config.js provided runAfterProductionCompile  [36m...[39m[2K[1G[1A[2K[1G[1A[2K[1G [37m[1m [22m[39m Running next.config.js provided runAfterProductionCompile  [36m.[39m[2K[1G[1A[2K[1G[1A[2K[1G [37m[1m [22m[39m Running next.config.js provided runAfterProductionCompile  [36m..[39m[2K[1G[1A[2K[1G[1A[2K[1G [37m[1m [22m[39m Running next.config.js provided runAfterProductionCompile  [36m...[39m[2K[1G[1A[2K[1G[1A[2K[1G [37m[1m [22m[39m Running next.config.js provided runAfterProductionCompile  [36m.[39m[2K[1G[1A[2K[1G[1A[2K[1G [37m[1m [22m[39m Running next.config.js provided runAfterProductionCompile  [36m..[39m[2K[1G[1A[2K[1G[1A[2K[1G [37m[1m [22m[39m Running next.config.js provided runAfterProductionCompile  [36m...[39m[2K[1G[1A[2K[1G[1A[2K[1G [37m[1m [22m[39m Running next.config.js provided runAfterProductionCompile  [36m.[39m[2K[1G[1A[2K[1G[1A[2K[1G [37m[1m [22m[39m Running next.config.js provided runAfterProductionCompile  [36m..[39m[2K[1G[1A[2K[1G[1A[2K[1G [37m[1m [22m[39m Running next.config.js provided runAfterProductionCompile  [36m...[39m[2K[1G[1A[2K[1G[1A[2K[1G [37m[1m [22m[39m Running next.config.js provided runAfterProductionCompile  [36m.[39m[2K[1G[1A[2K[1G[1A[2K[1G [37m[1m [22m[39m Running next.config.js provided runAfterProductionCompile  [36m..[39m[2K[1G[1A[2K[1G[1A[2K[1G [37m[1m [22m[39m Running next.config.js provided runAfterProductionCompile  [36m...[39m[2K[1G[1A[2K[1G[1A[2K[1G [37m[1m [22m[39m Running next.config.js provided runAfterProductionCompile  [36m.[39m[2K[1G[1A[2K[1G[1A[2K[1G [37m[1m [22m[39m Running next.config.js provided runAfterProductionCompile  [36m..[39m[2K[1G[1A[2K[1G[1A[2K[1G [37m[1m [22m[39m Running next.config.js provided runAfterProductionCompile  [36m...[39m[2K[1G[1A[2K[1G[1A[2K[1G [37m[1m [22m[39m Running next.config.js provided runAfterProductionCompile  [36m.[39m[2K[1G[1A[2K[1G[1A[2K[1G [37m[1m [22m[39m Running next.config.js provided runAfterProductionCompile  [36m..[39m[2K[1G[1A[2K[1G[1A[2K[1G [37m[1m [22m[39m Running next.config.js provided runAfterProductionCompile  [36m...[39m[2K[1G[1A[2K[1G[1A[2K[1G [37m[1m [22m[39m Running next.config.js provided runAfterProductionCompile  [36m.[39m[2K[1G[1A[2K[1G[1A[2K[1G [37m[1m [22m[39m Running next.config.js provided runAfterProductionCompile  [36m..[39m[2K[1G[1A[2K[1G[1A[2K[1G [37m[1m [22m[39m Running next.config.js provided runAfterProductionCompile  [36m...[39m[2K[1G[1A[2K[1G[1A[2K[1G [37m[1m [22m[39m Running next.config.js provided runAfterProductionCompile  [36m.[39m[2K[1G[1A[2K[1G[1A[2K[1G [37m[1m [22m[39m Running next.config.js provided runAfterProductionCompile  [36m..[39m[2K[1G[1A[2K[1G[1A[2K[1G [37m[1m [22m[39m Running next.config.js provided runAfterProductionCompile  [36m...[39m[2K[1G[1A[2K[1G[1A[2K[1G [37m[1m [22m[39m Running next.config.js provided runAfterProductionCompile  [36m.[39m[2K[1G[1A[2K[1G[1A[2K[1G [37m[1m [22m[39m Running next.config.js provided runAfterProductionCompile  [36m..[39m[2K[1G[1A[2K[1G[1A[2K[1G [37m[1m [22m[39m Running next.config.js provided runAfterProductionCompile  [36m...[39m[2K[1G[1A[2K[1G[1A[2K[1G [37m[1m [22m[39m Running next.config.js provided runAfterProductionCompile  [36m.[39m[2K[1G[1A[2K[1G[1A[2K[1G [37m[1m [22m[39m Running next.config.js provided runAfterProductionCompile  [36m..[39m[2K[1G[1A[2K[1G[1A[2K[1G [37m[1m [22m[39m Running next.config.js provided runAfterProductionCompile  [36m...[39m[2K[1G[1A[2K[1G[1A[2K[1G [37m[1m [22m[39m Running next.config.js provided runAfterProductionCompile  [36m.[39m[2K[1G[1A[2K[1G[1A[2K[1G [37m[1m [22m[39m Running next.config.js provided runAfterProductionCompile  [36m..[39m[2K[1G[1A[2K[1G[1A[2K[1G[?25h [32m[1m✓[22m[39m Completed runAfterProductionCompile in 8779ms
[?25l [36m.[39m [2K[1G[?25h[?25l [37m[1m [22m[39m Running TypeScript  [36m.[39m[2K[1G[1A[2K[1G [37m[1m [22m[39m Running TypeScript  [36m..[39m[2K[1G[1A[2K[1G [37m[1m [22m[39m Running TypeScript  [36m...[39m[2K[1G[1A[2K[1G [37m[1m [22m[39m Running TypeScript  [36m.[39m[2K[1G[1A[2K[1G [37m[1m [22m[39m Running TypeScript  [36m..[39m[2K[1G[1A[2K[1G [37m[1m [22m[39m Running TypeScript  [36m...[39m[2K[1G[1A[2K[1G [37m[1m [22m[39m Running TypeScript  [36m.[39m[2K[1G[1A[2K[1G [37m[1m [22m[39m Running TypeScript  [36m..[39m[2K[1G[1A[2K[1G [37m[1m [22m[39m Running TypeScript  [36m...[39m[2K[1G[1A[2K[1G [37m[1m [22m[39m Running TypeScript  [36m.[39m[2K[1G[1A[2K[1G [37m[1m [22m[39m Running TypeScript  [36m..[39m[2K[1G[1A[2K[1G [37m[1m [22m[39m Running TypeScript  [36m...[39m[2K[1G[1A[2K[1G[?25h[?25l [37m[1m [22m[39m Finished TypeScript in 2.2s  [36m.[39m[2K[1G[1A[2K[1G[?25h [37m[1m [22m[39m Finished TypeScript in 2.2s     [32m[1m✓[22m[39m Finished TypeScript in 2.2s 
[?25l [37m[1m [22m[39m Collecting page data using 9 workers  [36m.[39m[2K[1G[1A[2K[1G [37m[1m [22m[39m Collecting page data using 9 workers  [36m..[39m[2K[1G[1A[2K[1G [37m[1m [22m[39m Collecting page data using 9 workers  [36m...[39m[2K[1G[1A[2K[1G[?25h [37m[1m [22m[39m Collecting page data using 9 workers in 451.1ms     [32m[1m✓[22m[39m Collecting page data using 9 workers in 451.1ms 
[?25l [37m[1m [22m[39m Generating static pages using 9 workers (0/9)  [36m[    ][39m[2K[1G[1A[2K[1G [37m[1m [22m[39m Generating static pages using 9 workers (0/9)  [36m[=   ][39m[2K[1G[1A[2K[1G[?25h [32m[1m✓[22m[39m Generating static pages using 9 workers (9/9) in 366.6ms
[?25l [37m[1m [22m[39m Finalizing page optimization  [36m.[39m[2K[1G[1A[2K[1G[?25h [37m[1m [22m[39m Finalizing page optimization in 8.4ms     [32m[1m✓[22m[39m Finalizing page optimization in 8.4ms 

[4mRoute (app)[24m
┌ ○ /
├ ○ /_not-found
├ ƒ /api/energy
├ ƒ /api/energy/aggregated/[type]
├ ƒ /api/energy/history
├ ƒ /api/energy/settings
├ ƒ /api/energy/settings/history
└ ○ /settings


○  (Static)   prerendered as static content
ƒ  (Dynamic)  server-rendered on demand

[?25h
